INFO:__main__:正在加载Qwen2.5-VL模型...
`torch_dtype` is deprecated! Use `dtype` instead!
Traceback (most recent call last):
  File "/root/siton-tmp/conda/envs/xks_qwen/lib/python3.10/site-packages/transformers/utils/hub.py", line 479, in cached_files
    hf_hub_download(
  File "/root/siton-tmp/conda/envs/xks_qwen/lib/python3.10/site-packages/huggingface_hub/utils/_validators.py", line 106, in _inner_fn
    validate_repo_id(arg_value)
  File "/root/siton-tmp/conda/envs/xks_qwen/lib/python3.10/site-packages/huggingface_hub/utils/_validators.py", line 154, in validate_repo_id
    raise HFValidationError(
huggingface_hub.errors.HFValidationError: Repo id must be in the form 'repo_name' or 'namespace/repo_name': '/root/siton-tmp/sx/xks/51_code/data_prepare/../models/Qwen2.5-VL-7B-Instruct'. Use `repo_type` argument if needed.

During handling of the above exception, another exception occurred:

Traceback (most recent call last):
  File "/root/siton-tmp/sx/xks/51_code/data_prepare/full_process_m3/api_services/quality_api.py", line 315, in <module>
    main() 
  File "/root/siton-tmp/sx/xks/51_code/data_prepare/full_process_m3/api_services/quality_api.py", line 309, in main
    evaluator = QwenQualityEvaluator(args.model_dir, args.prompt_path, args.output_dir)
  File "/root/siton-tmp/sx/xks/51_code/data_prepare/full_process_m3/api_services/quality_api.py", line 61, in __init__
    self._init_model()
  File "/root/siton-tmp/sx/xks/51_code/data_prepare/full_process_m3/api_services/quality_api.py", line 67, in _init_model
    self.model = Qwen2_5_VLForConditionalGeneration.from_pretrained(
  File "/root/siton-tmp/conda/envs/xks_qwen/lib/python3.10/site-packages/transformers/modeling_utils.py", line 277, in _wrapper
    return func(*args, **kwargs)
  File "/root/siton-tmp/conda/envs/xks_qwen/lib/python3.10/site-packages/transformers/modeling_utils.py", line 4737, in from_pretrained
    resolved_config_file = cached_file(
  File "/root/siton-tmp/conda/envs/xks_qwen/lib/python3.10/site-packages/transformers/utils/hub.py", line 322, in cached_file
    file = cached_files(path_or_repo_id=path_or_repo_id, filenames=[filename], **kwargs)
  File "/root/siton-tmp/conda/envs/xks_qwen/lib/python3.10/site-packages/transformers/utils/hub.py", line 531, in cached_files
    resolved_files = [
  File "/root/siton-tmp/conda/envs/xks_qwen/lib/python3.10/site-packages/transformers/utils/hub.py", line 532, in <listcomp>
    _get_cache_file_to_return(path_or_repo_id, filename, cache_dir, revision, repo_type)
  File "/root/siton-tmp/conda/envs/xks_qwen/lib/python3.10/site-packages/transformers/utils/hub.py", line 143, in _get_cache_file_to_return
    resolved_file = try_to_load_from_cache(
  File "/root/siton-tmp/conda/envs/xks_qwen/lib/python3.10/site-packages/huggingface_hub/utils/_validators.py", line 106, in _inner_fn
    validate_repo_id(arg_value)
  File "/root/siton-tmp/conda/envs/xks_qwen/lib/python3.10/site-packages/huggingface_hub/utils/_validators.py", line 154, in validate_repo_id
    raise HFValidationError(
huggingface_hub.errors.HFValidationError: Repo id must be in the form 'repo_name' or 'namespace/repo_name': '/root/siton-tmp/sx/xks/51_code/data_prepare/../models/Qwen2.5-VL-7B-Instruct'. Use `repo_type` argument if needed.

ERROR conda.cli.main_run:execute(49): `conda run python /root/siton-tmp/sx/xks/51_code/data_prepare/full_process_m3/api_services/quality_api.py --port 5002 --model_dir /root/siton-tmp/sx/xks/51_code/data_prepare/../models/Qwen2.5-VL-7B-Instruct --prompt_path /root/siton-tmp/sx/xks/51_code/data_prepare/qwen_filter/image_pair_quality_prompt.txt --output_dir output` failed. (See above for error)
